<?xml version="1.0" encoding="UTF-8"?>
<testng-results skipped="1" failed="0" total="1" passed="0">
  <reporter-output>
  </reporter-output>
  <suite name="Suite" duration-ms="62534" started-at="2019-12-23T19:30:52Z" finished-at="2019-12-23T19:31:54Z">
    <groups>
    </groups>
    <test name="Test" duration-ms="62534" started-at="2019-12-23T19:30:52Z" finished-at="2019-12-23T19:31:54Z">
      <class name="FrameWork.FrameWorkPart1">
        <test-method status="PASS" signature="loadConfigFile()[pri:0, instance:FrameWork.FrameWorkPart1@2812cbfa]" name="loadConfigFile" is-config="true" duration-ms="135" started-at="2019-12-24T01:00:52Z" finished-at="2019-12-24T01:00:52Z">
          <reporter-output>
          </reporter-output>
        </test-method> <!-- loadConfigFile -->
        <test-method status="FAIL" signature="driverSetup()[pri:0, instance:FrameWork.FrameWorkPart1@2812cbfa]" name="driverSetup" is-config="true" duration-ms="0" started-at="2019-12-24T01:00:52Z" finished-at="2019-12-24T01:00:52Z">
          <exception class="java.lang.IllegalAccessError">
            <message>
              <![CDATA[tried to access method com.google.common.util.concurrent.SimpleTimeLimiter.<init>(Ljava/util/concurrent/ExecutorService;)V from class org.openqa.selenium.net.UrlChecker]]>
            </message>
            <full-stacktrace>
              <![CDATA[java.lang.IllegalAccessError: tried to access method com.google.common.util.concurrent.SimpleTimeLimiter.<init>(Ljava/util/concurrent/ExecutorService;)V from class org.openqa.selenium.net.UrlChecker
	at org.openqa.selenium.net.UrlChecker.<init>(UrlChecker.java:67)
	at org.openqa.selenium.remote.service.DriverService.waitUntilAvailable(DriverService.java:175)
	at org.openqa.selenium.remote.service.DriverService.start(DriverService.java:166)
	at org.openqa.selenium.remote.service.DriverCommandExecutor.execute(DriverCommandExecutor.java:78)
	at org.openqa.selenium.remote.RemoteWebDriver.execute(RemoteWebDriver.java:644)
	at org.openqa.selenium.remote.RemoteWebDriver.startSession(RemoteWebDriver.java:249)
	at org.openqa.selenium.remote.RemoteWebDriver.<init>(RemoteWebDriver.java:131)
	at org.openqa.selenium.remote.RemoteWebDriver.<init>(RemoteWebDriver.java:144)
	at org.openqa.selenium.chrome.ChromeDriver.<init>(ChromeDriver.java:170)
	at org.openqa.selenium.chrome.ChromeDriver.<init>(ChromeDriver.java:159)
	at org.openqa.selenium.chrome.ChromeDriver.<init>(ChromeDriver.java:116)
	at FrameWork.FrameWorkPart1.driverSetup(FrameWorkPart1.java:47)
	at sun.reflect.NativeMethodAccessorImpl.invoke0(Native Method)
	at sun.reflect.NativeMethodAccessorImpl.invoke(Unknown Source)
	at sun.reflect.DelegatingMethodAccessorImpl.invoke(Unknown Source)
	at java.lang.reflect.Method.invoke(Unknown Source)
	at org.testng.internal.MethodInvocationHelper.invokeMethod(MethodInvocationHelper.java:86)
	at org.testng.internal.Invoker.invokeConfigurationMethod(Invoker.java:514)
	at org.testng.internal.Invoker.invokeConfigurations(Invoker.java:215)
	at org.testng.internal.Invoker.invokeConfigurations(Invoker.java:142)
	at org.testng.TestRunner.beforeRun(TestRunner.java:656)
	at org.testng.TestRunner.run(TestRunner.java:624)
	at org.testng.SuiteRunner.runTest(SuiteRunner.java:366)
	at org.testng.SuiteRunner.runSequentially(SuiteRunner.java:361)
	at org.testng.SuiteRunner.privateRun(SuiteRunner.java:319)
	at org.testng.SuiteRunner.run(SuiteRunner.java:268)
	at org.testng.SuiteRunnerWorker.runSuite(SuiteRunnerWorker.java:52)
	at org.testng.SuiteRunnerWorker.run(SuiteRunnerWorker.java:86)
	at org.testng.TestNG.runSuitesSequentially(TestNG.java:1244)
	at org.testng.TestNG.runSuitesLocally(TestNG.java:1169)
	at org.testng.TestNG.run(TestNG.java:1064)
	at org.testng.remote.RemoteTestNG.run(RemoteTestNG.java:113)
	at org.testng.remote.RemoteTestNG.initAndRun(RemoteTestNG.java:206)
	at org.testng.remote.RemoteTestNG.main(RemoteTestNG.java:177)
]]>
            </full-stacktrace>
          </exception> <!-- java.lang.IllegalAccessError -->
          <reporter-output>
          </reporter-output>
        </test-method> <!-- driverSetup -->
        <test-method status="SKIP" signature="testDataFile()[pri:0, instance:FrameWork.FrameWorkPart1@2812cbfa]" name="testDataFile" is-config="true" duration-ms="0" started-at="2019-12-24T01:01:54Z" finished-at="2019-12-24T01:01:54Z">
          <reporter-output>
          </reporter-output>
        </test-method> <!-- testDataFile -->
        <test-method status="SKIP" signature="landingPageTest()[pri:1, instance:FrameWork.FrameWorkPart1@2812cbfa]" name="landingPageTest" duration-ms="1" started-at="2019-12-24T01:01:54Z" finished-at="2019-12-24T01:01:54Z">
          <reporter-output>
          </reporter-output>
        </test-method> <!-- landingPageTest -->
      </class> <!-- FrameWork.FrameWorkPart1 -->
    </test> <!-- Test -->
  </suite> <!-- Suite -->
</testng-results>
